Arguments: 
  /usr/local/bin/node /usr/local/bin/yarn

PATH: 
  /Applications/MAMP/Library/bin:/usr/local/bin:/usr/bin:/bin:/usr/sbin:/sbin:/usr/local/bin:/usr/bin:/bin:/usr/sbin:/sbin:/Applications/MAMP/Library/bin:/Applications/Eclipse_2019-12.app/Contents/java/8/Home/bin:/Applications/apache-ant-1.10.7/bin:/Applications/Eclipse_2019-12.app/Contents/java/8/Home/bin:/Applications/apache-ant-1.10.7/bin

Yarn version: 
  1.17.3

Node version: 
  14.15.1

Platform: 
  darwin x64

Trace: 
  Error: https://registry.yarnpkg.com/typescript: ESOCKETTIMEDOUT
      at ClientRequest.<anonymous> (/usr/local/lib/node_modules/yarn/lib/cli.js:141091:19)
      at Object.onceWrapper (events.js:421:28)
      at ClientRequest.emit (events.js:315:20)
      at TLSSocket.emitRequestTimeout (_http_client.js:784:9)
      at Object.onceWrapper (events.js:421:28)
      at TLSSocket.emit (events.js:327:22)
      at TLSSocket.Socket._onTimeout (net.js:483:8)
      at listOnTimeout (internal/timers.js:554:17)
      at processTimers (internal/timers.js:497:7)

npm manifest: 
  {
    "name": "eyesite",
    "version": "1.0.0",
    "description": "eyesite server",
    "main": "index.js",
    "repository": "https://github.com/amanojs/eyesite.git",
    "author": "takashi",
    "license": "MIT",
    "dependencies": {
      "dotenv": "^10.0.0",
      "express": "^4.17.1",
      "promise-mysql": "^5.0.3",
      "ts-node": "^10.0.0",
      "typescript": "^4.3.4"
    },
    "devDependencies": {
      "@types/express": "^4.17.12",
      "@types/mysql": "^2.15.18",
      "@types/node": "^15.12.4",
      "@typescript-eslint/eslint-plugin": "^4.28.0",
      "@typescript-eslint/parser": "^4.28.0",
      "eslint": "^7.29.0",
      "eslint-config-prettier": "^8.3.0",
      "eslint-plugin-prettier": "^3.4.0",
      "prettier": "^2.3.1",
      "prettier-eslint": "^12.0.0"
    }
  }

yarn manifest: 
  No manifest

Lockfile: 
  No lockfile
